TN:
SF:/Users/andeladeveloper/Documents/theinvertedindex/src/js/inverted-index.js
FN:9,(anonymous_1)
FN:19,(anonymous_2)
FN:52,(anonymous_3)
FN:55,(anonymous_4)
FN:71,(anonymous_5)
FN:97,(anonymous_6)
FNF:6
FNH:6
FNDA:1,(anonymous_1)
FNDA:1,(anonymous_2)
FNDA:1,(anonymous_3)
FNDA:4,(anonymous_4)
FNDA:2,(anonymous_5)
FNDA:2,(anonymous_6)
DA:10,1
DA:11,1
DA:20,1
DA:21,1
DA:22,1
DA:23,1
DA:24,1
DA:25,2
DA:26,2
DA:27,2
DA:28,2
DA:30,2
DA:31,42
DA:32,11
DA:33,3
DA:36,31
DA:41,0
DA:43,1
DA:53,1
DA:56,4
DA:57,4
DA:61,51
DA:72,2
DA:73,2
DA:74,2
DA:76,2
DA:77,2
DA:78,2
DA:79,1
DA:80,0
DA:82,1
DA:83,1
DA:88,2
DA:98,2
DA:99,2
DA:100,1
DA:103,1
DA:104,1
DA:105,2
DA:106,2
DA:107,2
DA:108,0
DA:111,1
DA:113,0
LF:44
LH:40
BRDA:20,1,0,1
BRDA:20,1,1,0
BRDA:22,2,0,1
BRDA:22,2,1,1
BRDA:31,3,0,11
BRDA:31,3,1,31
BRDA:32,4,0,3
BRDA:32,4,1,8
BRDA:72,5,0,2
BRDA:72,5,1,2
BRDA:78,6,0,1
BRDA:78,6,1,1
BRDA:79,7,0,0
BRDA:79,7,1,1
BRDA:88,8,0,1
BRDA:88,8,1,1
BRDA:99,9,0,1
BRDA:99,9,1,1
BRDA:99,10,0,2
BRDA:99,10,1,2
BRDA:107,11,0,0
BRDA:107,11,1,2
BRDA:107,12,0,2
BRDA:107,12,1,2
BRF:24
BRH:21
end_of_record
